<?xml version="1.0" encoding="UTF-8"?>
<testsuite name="link.arata.common.util.StringUtilTest" tests="1" skipped="0" failures="0" errors="0" timestamp="2016-02-14T08:25:07" hostname="mbp.local" time="0.005">
  <properties/>
  <testcase name="isEmptyのnullの場合" classname="link.arata.common.util.StringUtilTest" time="0.005"/>
  <system-out><![CDATA[]]></system-out>
  <system-err><![CDATA[]]></system-err>
</testsuite>
